<?xml version="1.0" encoding="utf-8"?>
<TestRun id="65546bc2-db04-4de8-b325-6f1ac44cd857" name="Richard@DESKTOP-OVPF1KP 2019-04-17 13:56:09:411" runUser="DESKTOP-OVPF1KP\Richard" xmlns="http://microsoft.com/schemas/VisualStudio/TeamTest/2010">
  <Times creation="2019-04-17T13:56:09.4111248-07:00" queuing="2019-04-17T13:56:09.4111248-07:00" start="2019-04-17T13:56:07.5347109-07:00" finish="2019-04-17T13:56:09.4413639-07:00" />
  <TestSettings name="default" id="c07f0e14-29f6-4518-9315-6482699172f8">
    <Deployment runDeploymentRoot="Richard_DESKTOP-OVPF1KP_2019-04-17_13_56_09_411" />
  </TestSettings>
  <Results>
    <UnitTestResult executionId="a6d04c3e-241b-4089-8d56-7d3321a8eb71" testId="d333e03b-649d-ccf3-66a9-94463476fa76" testName="Add_2_2_Returns_22" computerName="DESKTOP-OVPF1KP" duration="00:00:00.0275202" startTime="2019-04-17T13:56:09.1700304-07:00" endTime="2019-04-17T13:56:09.1978427-07:00" testType="13cdc9d9-ddb5-4fa4-a97d-d965ccfc6d4b" outcome="Failed" testListId="8c84fa94-04c1-424b-9868-57a2d4851a1d" relativeResultsDirectory="a6d04c3e-241b-4089-8d56-7d3321a8eb71">
      <Output>
        <ErrorInfo>
          <Message>Assert.AreEqual failed. Expected:&lt;22&gt;. Actual:&lt;4&gt;. </Message>
          <StackTrace>   at CoolCalc.Tests.AddTests.Add_2_2_Returns_22() in C:\Course\Labs\Lab01\CoolCalcTests\CoolCalc.Tests\AddTests.cs:line 40&#xD;
</StackTrace>
        </ErrorInfo>
      </Output>
    </UnitTestResult>
    <UnitTestResult executionId="fb07dd8e-ada8-433c-b0ec-2c5e77c2163e" testId="296c9075-d81b-4375-c981-9d35139b6301" testName="IntegrationTest" computerName="DESKTOP-OVPF1KP" duration="00:00:00.0072871" startTime="2019-04-17T13:56:09.1225112-07:00" endTime="2019-04-17T13:56:09.1590276-07:00" testType="13cdc9d9-ddb5-4fa4-a97d-d965ccfc6d4b" outcome="Passed" testListId="8c84fa94-04c1-424b-9868-57a2d4851a1d" relativeResultsDirectory="fb07dd8e-ada8-433c-b0ec-2c5e77c2163e" />
    <UnitTestResult executionId="3453d8e6-81eb-4496-b4d2-0bea8acf44bd" testId="8d149fe8-f590-5706-9a14-e75d1f3175cc" testName="Add_2_3_Returns_5" computerName="DESKTOP-OVPF1KP" duration="00:00:00.0001389" startTime="2019-04-17T13:56:09.1694527-07:00" endTime="2019-04-17T13:56:09.1698184-07:00" testType="13cdc9d9-ddb5-4fa4-a97d-d965ccfc6d4b" outcome="Passed" testListId="8c84fa94-04c1-424b-9868-57a2d4851a1d" relativeResultsDirectory="3453d8e6-81eb-4496-b4d2-0bea8acf44bd" />
    <UnitTestResult executionId="62a4cdff-c2c5-41a8-8e99-bd38186f6ed8" testId="69482090-c96b-dda2-a820-bf747a1510ff" testName="Add_3_2_Returns_5" computerName="DESKTOP-OVPF1KP" duration="00:00:00.0001071" startTime="2019-04-17T13:56:09.1698504-07:00" endTime="2019-04-17T13:56:09.1700198-07:00" testType="13cdc9d9-ddb5-4fa4-a97d-d965ccfc6d4b" outcome="Passed" testListId="8c84fa94-04c1-424b-9868-57a2d4851a1d" relativeResultsDirectory="62a4cdff-c2c5-41a8-8e99-bd38186f6ed8" />
  </Results>
  <TestDefinitions>
    <UnitTest name="Add_3_2_Returns_5" storage="c:\course\labs\lab01\coolcalctests\coolcalc.tests\bin\debug\coolcalc.tests.dll" id="69482090-c96b-dda2-a820-bf747a1510ff">
      <Execution id="62a4cdff-c2c5-41a8-8e99-bd38186f6ed8" />
      <TestMethod codeBase="C:\Course\Labs\Lab01\CoolCalcTests\CoolCalc.Tests\bin\Debug\CoolCalc.Tests.dll" adapterTypeName="executor://mstestadapter/v2" className="CoolCalc.Tests.AddTests" name="Add_3_2_Returns_5" />
    </UnitTest>
    <UnitTest name="Add_2_3_Returns_5" storage="c:\course\labs\lab01\coolcalctests\coolcalc.tests\bin\debug\coolcalc.tests.dll" id="8d149fe8-f590-5706-9a14-e75d1f3175cc">
      <Execution id="3453d8e6-81eb-4496-b4d2-0bea8acf44bd" />
      <TestMethod codeBase="C:\Course\Labs\Lab01\CoolCalcTests\CoolCalc.Tests\bin\Debug\CoolCalc.Tests.dll" adapterTypeName="executor://mstestadapter/v2" className="CoolCalc.Tests.AddTests" name="Add_2_3_Returns_5" />
    </UnitTest>
    <UnitTest name="Add_2_2_Returns_22" storage="c:\course\labs\lab01\coolcalctests\coolcalc.tests\bin\debug\coolcalc.tests.dll" id="d333e03b-649d-ccf3-66a9-94463476fa76">
      <Execution id="a6d04c3e-241b-4089-8d56-7d3321a8eb71" />
      <TestMethod codeBase="C:\Course\Labs\Lab01\CoolCalcTests\CoolCalc.Tests\bin\Debug\CoolCalc.Tests.dll" adapterTypeName="executor://mstestadapter/v2" className="CoolCalc.Tests.AddTests" name="Add_2_2_Returns_22" />
    </UnitTest>
    <UnitTest name="IntegrationTest" storage="c:\course\labs\lab01\coolcalctests\coolcalc.tests\bin\debug\coolcalc.tests.dll" id="296c9075-d81b-4375-c981-9d35139b6301">
      <Execution id="fb07dd8e-ada8-433c-b0ec-2c5e77c2163e" />
      <TestMethod codeBase="C:\Course\Labs\Lab01\CoolCalcTests\CoolCalc.Tests\bin\Debug\CoolCalc.Tests.dll" adapterTypeName="executor://mstestadapter/v2" className="CoolCalcTests.IntegrationTests" name="IntegrationTest" />
    </UnitTest>
  </TestDefinitions>
  <TestEntries>
    <TestEntry testId="d333e03b-649d-ccf3-66a9-94463476fa76" executionId="a6d04c3e-241b-4089-8d56-7d3321a8eb71" testListId="8c84fa94-04c1-424b-9868-57a2d4851a1d" />
    <TestEntry testId="296c9075-d81b-4375-c981-9d35139b6301" executionId="fb07dd8e-ada8-433c-b0ec-2c5e77c2163e" testListId="8c84fa94-04c1-424b-9868-57a2d4851a1d" />
    <TestEntry testId="8d149fe8-f590-5706-9a14-e75d1f3175cc" executionId="3453d8e6-81eb-4496-b4d2-0bea8acf44bd" testListId="8c84fa94-04c1-424b-9868-57a2d4851a1d" />
    <TestEntry testId="69482090-c96b-dda2-a820-bf747a1510ff" executionId="62a4cdff-c2c5-41a8-8e99-bd38186f6ed8" testListId="8c84fa94-04c1-424b-9868-57a2d4851a1d" />
  </TestEntries>
  <TestLists>
    <TestList name="Results Not in a List" id="8c84fa94-04c1-424b-9868-57a2d4851a1d" />
    <TestList name="All Loaded Results" id="19431567-8539-422a-85d7-44ee4e166bda" />
  </TestLists>
  <ResultSummary outcome="Failed">
    <Counters total="4" executed="4" passed="3" failed="1" error="0" timeout="0" aborted="0" inconclusive="0" passedButRunAborted="0" notRunnable="0" notExecuted="0" disconnected="0" warning="0" completed="0" inProgress="0" pending="0" />
  </ResultSummary>
</TestRun>